<?xml version="1.0" encoding="UTF-8"?>
<!-- Generated by org.testng.reporters.JUnitReportReporter -->
<testsuite hostname="DESKTOP-TJVM91P" failures="0" tests="1" name="remoteTesting.dockerValidation.stopDocker" time="3.048" errors="0" timestamp="2020-08-28T09:21:41 BST" skipped="0">
  <testcase classname="remoteTesting.dockerValidation.stopDocker" name="startFile" time="3.048"/>
  <system-out/>
</testsuite> <!-- remoteTesting.dockerValidation.stopDocker -->
