<?xml version="1.0" encoding="UTF-8"?>
<!-- Generated by org.testng.reporters.JUnitReportReporter -->
<testsuite hostname="DESKTOP-TJVM91P" failures="0" tests="1" name="remoteTesting.dockerValidation.chromeTest1" time="3.603" errors="0" timestamp="2020-08-31T15:56:18 BST" skipped="0">
  <testcase classname="remoteTesting.dockerValidation.chromeTest1" name="test1" time="3.603"/>
  <system-out/>
</testsuite> <!-- remoteTesting.dockerValidation.chromeTest1 -->
