<?xml version="1.0" encoding="UTF-8"?>
<!-- Generated by org.testng.reporters.JUnitReportReporter -->
<testsuite hostname="DESKTOP-TJVM91P" failures="0" tests="1" name="remoteTesting.dockerValidation.startDocker" time="18.039" errors="0" timestamp="2020-08-28T09:21:47 BST" skipped="0">
  <testcase classname="remoteTesting.dockerValidation.startDocker" name="startFile" time="18.039"/>
  <system-out/>
</testsuite> <!-- remoteTesting.dockerValidation.startDocker -->
