<?xml version="1.0" encoding="UTF-8"?>
<!-- Generated by org.testng.reporters.JUnitReportReporter -->
<testsuite hostname="DESKTOP-TJVM91P" failures="0" tests="1" name="remoteTesting.dockerValidation.chromeTest2" time="4.566" errors="0" timestamp="2020-08-31T17:22:06 BST" skipped="0">
  <testcase classname="remoteTesting.dockerValidation.chromeTest2" name="test1" time="4.566"/>
  <system-out/>
</testsuite> <!-- remoteTesting.dockerValidation.chromeTest2 -->
